<?xml version="1.0" encoding="UTF-8"?>
<!-- Generated by org.testng.reporters.JUnitXMLReporter -->
<testsuite ignored="2" hostname="LTIN486887" failures="0" tests="12" name="cromeBrowser Test" time="105.284" errors="0" timestamp="2024-06-07T11:23:57 IST">
  <testcase classname="testCases.HomePageTest" name="clickProfile" time="7.798"/>
  <testcase classname="testCases.HomePageTest" name="getName" time="0.2"/>
  <testcase classname="testCases.HomePageTest" name="getEmail" time="0.115"/>
  <testcase classname="testCases.HomePageTest" name="clickCoFun" time="0.486"/>
  <testcase classname="testCases.HomePageTest" name="clickSecurity" time="0.476"/>
  <testcase classname="testCases.HomePageTest" name="clickIT" time="2.385"/>
  <testcase classname="testCases.GlobalITTest" name="checkApplications" time="39.851"/>
  <testcase classname="testCases.GlobalITTest" name="scrollToNews" time="5.318"/>
  <testcase classname="testCases.GlobalITTest" name="scrollToAwards" time="0.494"/>
  <testcase classname="testCases.GlobalITTest" name="getNewsCount" time="0.222"/>
  <testcase classname="testCases.GlobalITTest" name="checkITNewsToolTip" time="3.926"/>
  <testcase classname="testCases.GlobalITTest" name="printItNews" time="17.09"/>
  <testcase classname="testBase.BaseClass" name="@AfterTest close" time="0.0">
    <ignored/>
  </testcase> <!-- @AfterTest close -->
  <testcase classname="testBase.BaseClass" name="@BeforeTest setup" time="0.0">
    <ignored/>
  </testcase> <!-- @BeforeTest setup -->
</testsuite> <!-- cromeBrowser Test -->
