<?xml version="1.0" encoding="UTF-8"?>
<!-- Generated by org.testng.reporters.JUnitXMLReporter -->
<testsuite ignored="2" hostname="LTIN486887" failures="0" tests="12" name="edgeBrowser Test" time="103.909" errors="0" timestamp="2024-06-07T11:25:41 IST">
  <testcase classname="testCases.HomePageTest" name="clickProfile" time="9.904"/>
  <testcase classname="testCases.HomePageTest" name="getName" time="0.169"/>
  <testcase classname="testCases.HomePageTest" name="getEmail" time="0.128"/>
  <testcase classname="testCases.HomePageTest" name="clickCoFun" time="0.412"/>
  <testcase classname="testCases.HomePageTest" name="clickSecurity" time="0.44"/>
  <testcase classname="testCases.HomePageTest" name="clickIT" time="2.372"/>
  <testcase classname="testCases.GlobalITTest" name="checkApplications" time="41.173"/>
  <testcase classname="testCases.GlobalITTest" name="scrollToNews" time="5.292"/>
  <testcase classname="testCases.GlobalITTest" name="scrollToAwards" time="0.258"/>
  <testcase classname="testCases.GlobalITTest" name="getNewsCount" time="0.302"/>
  <testcase classname="testCases.GlobalITTest" name="checkITNewsToolTip" time="2.863"/>
  <testcase classname="testCases.GlobalITTest" name="printItNews" time="16.802"/>
  <testcase classname="testBase.BaseClass" name="@AfterTest close" time="0.0">
    <ignored/>
  </testcase> <!-- @AfterTest close -->
  <testcase classname="testBase.BaseClass" name="@BeforeTest setup" time="0.0">
    <ignored/>
  </testcase> <!-- @BeforeTest setup -->
</testsuite> <!-- edgeBrowser Test -->
