<?xml version="1.0" encoding="UTF-8"?>
<!-- Generated by org.testng.reporters.JUnitXMLReporter -->
<testsuite ignored="2" hostname="LTIN514045" failures="0" tests="12" name="Test" time="102.41" errors="0" timestamp="2024-06-07T15:30:39 IST">
  <testcase classname="testCases.HomePageTest" name="clickProfile" time="4.063"/>
  <testcase classname="testCases.HomePageTest" name="getName" time="0.368"/>
  <testcase classname="testCases.HomePageTest" name="getEmail" time="0.21"/>
  <testcase classname="testCases.HomePageTest" name="clickCoFun" time="0.592"/>
  <testcase classname="testCases.HomePageTest" name="clickSecurity" time="0.59"/>
  <testcase classname="testCases.HomePageTest" name="clickIT" time="2.567"/>
  <testcase classname="testCases.GlobalITTest" name="checkApplications" time="41.92"/>
  <testcase classname="testCases.GlobalITTest" name="scrollToNews" time="5.205"/>
  <testcase classname="testCases.GlobalITTest" name="scrollToAwards" time="0.414"/>
  <testcase classname="testCases.GlobalITTest" name="getNewsCount" time="0.143"/>
  <testcase classname="testCases.GlobalITTest" name="checkITNewsToolTip" time="2.435"/>
  <testcase classname="testCases.GlobalITTest" name="printItNews" time="16.896"/>
  <testcase classname="testBase.BaseClass" name="@AfterTest close" time="0.0">
    <ignored/>
  </testcase> <!-- @AfterTest close -->
  <testcase classname="testBase.BaseClass" name="@BeforeTest setup" time="0.0">
    <ignored/>
  </testcase> <!-- @BeforeTest setup -->
</testsuite> <!-- Test -->
